<?xml version="1.0" encoding="UTF-8"?>
<robot generator="Robot 5.0.1 (Python 3.10.0 on win32)" generated="20221008 07:34:48.371" rpa="false" schemaversion="3">
<suite id="s1" name="Sample Test" source="E:\robotdebug\Tests\sample_test.robot">
<test id="s1-t1" name="Example of connecting to Lambdatest via Robot Framework" line="13">
<kw name="Open test browser" library="Common" type="SETUP">
<kw name="Open Browser" library="Selenium2Library">
<arg>https://lambdatest.github.io/sample-todo-app/</arg>
<arg>browser=${BROWSER}</arg>
<arg>remote_url=${REMOTE_URL}</arg>
<arg>desired_capabilities=${CAPABILITIES}</arg>
<doc>Opens a new browser instance to the optional ``url``.</doc>
<msg timestamp="20221008 07:34:48.652" level="INFO">Opening browser 'chrome' to base url 'https://lambdatest.github.io/sample-todo-app/' through remote server at 'https://baoshenyi:4ErofDT8Nry0d6HiLy2MnypHvBP1MmA8ZJaZ3zqRNBhyYipmAh@hub.lambdatest.com/wd/hub'.</msg>
<status status="PASS" starttime="20221008 07:34:48.650" endtime="20221008 07:34:53.777"/>
</kw>
<timeout value="50 minutes"/>
<status status="PASS" starttime="20221008 07:34:48.650" endtime="20221008 07:34:53.778"/>
</kw>
<kw name="Page Should Contain Element" library="Selenium2Library">
<arg>name:li1</arg>
<doc>Verifies that element ``locator`` is found on the current page.</doc>
<msg timestamp="20221008 07:34:54.040" level="INFO">Current page contains element 'name:li1'.</msg>
<status status="PASS" starttime="20221008 07:34:53.778" endtime="20221008 07:34:54.040"/>
</kw>
<kw name="Page Should Contain Element" library="Selenium2Library">
<arg>name:li2</arg>
<doc>Verifies that element ``locator`` is found on the current page.</doc>
<msg timestamp="20221008 07:34:54.284" level="INFO">Current page contains element 'name:li2'.</msg>
<status status="PASS" starttime="20221008 07:34:54.041" endtime="20221008 07:34:54.284"/>
</kw>
<kw name="Click Button" library="Selenium2Library">
<arg>name:li1</arg>
<doc>Clicks the button identified by ``locator``.</doc>
<msg timestamp="20221008 07:34:54.288" level="INFO">Clicking button 'name:li1'.</msg>
<status status="PASS" starttime="20221008 07:34:54.286" endtime="20221008 07:34:55.137"/>
</kw>
<kw name="Click Button" library="Selenium2Library">
<arg>name:li2</arg>
<doc>Clicks the button identified by ``locator``.</doc>
<msg timestamp="20221008 07:34:55.140" level="INFO">Clicking button 'name:li2'.</msg>
<status status="PASS" starttime="20221008 07:34:55.138" endtime="20221008 07:34:55.940"/>
</kw>
<kw name="Input Text" library="Selenium2Library">
<arg>id:sampletodotext</arg>
<arg>Yey Let's add it to list</arg>
<doc>Types the given ``text`` into the text field identified by ``locator``.</doc>
<msg timestamp="20221008 07:34:55.943" level="INFO">Typing text 'Yey Let's add it to list' into text field 'id:sampletodotext'.</msg>
<status status="PASS" starttime="20221008 07:34:55.941" endtime="20221008 07:34:56.828"/>
</kw>
<kw name="Click Button" library="Selenium2Library">
<arg>id:addbutton</arg>
<doc>Clicks the button identified by ``locator``.</doc>
<msg timestamp="20221008 07:34:56.831" level="INFO">Clicking button 'id:addbutton'.</msg>
<status status="PASS" starttime="20221008 07:34:56.829" endtime="20221008 07:34:57.657"/>
</kw>
<kw name="Log To Console" library="BuiltIn">
<arg>I am the iron man</arg>
<doc>Logs the given message to the console.</doc>
<status status="PASS" starttime="20221008 07:34:57.658" endtime="20221008 07:34:57.660"/>
</kw>
<kw name="Get Text" library="Selenium2Library">
<var>${response}</var>
<arg>xpath=/html/body/div/div/div/ul/li[6]/span</arg>
<doc>Returns the text value of the element identified by ``locator``.</doc>
<msg timestamp="20221008 07:34:58.169" level="INFO">${response} = Yey Let's add it to list</msg>
<status status="PASS" starttime="20221008 07:34:57.662" endtime="20221008 07:34:58.169"/>
</kw>
<try>
<branch type="TRY">
<kw name="Should Be Equal As Strings" library="BuiltIn">
<arg>${response}</arg>
<arg>Yey Let's add it to list</arg>
<doc>Fails if objects are unequal after converting them to strings.</doc>
<status status="PASS" starttime="20221008 07:34:58.172" endtime="20221008 07:34:58.174"/>
</kw>
<status status="PASS" starttime="20221008 07:34:58.171" endtime="20221008 07:34:58.174"/>
</branch>
<branch type="EXCEPT">
<pattern>Error message</pattern>
<kw name="Log" library="BuiltIn">
<arg>Catches any exception.</arg>
<doc>Logs the given message with the given level.</doc>
<status status="NOT RUN" starttime="20221008 07:34:58.175" endtime="20221008 07:34:58.175"/>
</kw>
<kw name="Log" library="BuiltIn">
<arg>Useful for handling unexpected exceptions.</arg>
<doc>Logs the given message with the given level.</doc>
<status status="NOT RUN" starttime="20221008 07:34:58.175" endtime="20221008 07:34:58.176"/>
</kw>
<kw name="Create List" library="BuiltIn">
<var>@{exceptions}</var>
<doc>Returns a list containing given items.</doc>
<status status="NOT RUN" starttime="20221008 07:34:58.176" endtime="20221008 07:34:58.176"/>
</kw>
<kw name="Append To List" library="Collections">
<arg>${exceptions}</arg>
<doc>Adds ``values`` to the end of ``list``.</doc>
<status status="NOT RUN" starttime="20221008 07:34:58.177" endtime="20221008 07:34:58.177"/>
</kw>
<kw name="Log To Console" library="BuiltIn">
<arg>${exceptions}</arg>
<doc>Logs the given message to the console.</doc>
<status status="NOT RUN" starttime="20221008 07:34:58.177" endtime="20221008 07:34:58.178"/>
</kw>
<kw name="Execute Javascript" library="Selenium2Library">
<arg>lambda-exceptions</arg>
<arg>ARGUMENTS</arg>
<arg>${exceptions}</arg>
<doc>Executes the given JavaScript code with possible arguments.</doc>
<status status="NOT RUN" starttime="20221008 07:34:58.178" endtime="20221008 07:34:58.178"/>
</kw>
<kw name="Log To Console" library="BuiltIn">
<arg>${TEST_STATUS}</arg>
<doc>Logs the given message to the console.</doc>
<status status="NOT RUN" starttime="20221008 07:34:58.179" endtime="20221008 07:34:58.179"/>
</kw>
<status status="NOT RUN" starttime="20221008 07:34:58.174" endtime="20221008 07:34:58.179"/>
</branch>
<status status="PASS" starttime="20221008 07:34:58.171" endtime="20221008 07:34:58.179"/>
</try>
<kw name="Close test browser" library="Common" type="TEARDOWN">
<kw name="Run Keyword If" library="BuiltIn">
<arg>'${REMOTE_URL}' != ''</arg>
<arg>Report Lambdatest Status</arg>
<arg>${TEST_NAME}</arg>
<arg>${TEST_STATUS}</arg>
<doc>Runs the given keyword with the given arguments, if ``condition`` is true.</doc>
<kw name="Report Lambdatest Status" library="LambdaTestStatus">
<arg>${TEST_NAME}</arg>
<arg>${TEST_STATUS}</arg>
<msg timestamp="20221008 07:34:58.186" level="INFO">Executing JavaScript:
lambda-status=passed
Without any arguments.</msg>
<msg timestamp="20221008 07:34:59.462" level="INFO">Executing JavaScript:
lambda-name=Example of connecting to Lambdatest via Robot Framework
Without any arguments.</msg>
<status status="PASS" starttime="20221008 07:34:58.184" endtime="20221008 07:35:00.751"/>
</kw>
<status status="PASS" starttime="20221008 07:34:58.182" endtime="20221008 07:35:00.751"/>
</kw>
<kw name="Close All Browsers" library="Selenium2Library">
<doc>Closes all open browsers and resets the browser cache.</doc>
<status status="PASS" starttime="20221008 07:35:00.752" endtime="20221008 07:35:01.042"/>
</kw>
<status status="PASS" starttime="20221008 07:34:58.181" endtime="20221008 07:35:01.042"/>
</kw>
<timeout value="50 minutes"/>
<status status="PASS" starttime="20221008 07:34:48.649" endtime="20221008 07:35:01.043"/>
</test>
<status status="PASS" starttime="20221008 07:34:48.373" endtime="20221008 07:35:01.048"/>
</suite>
<statistics>
<total>
<stat pass="1" fail="0" skip="0">All Tests</stat>
</total>
<tag>
</tag>
<suite>
<stat pass="1" fail="0" skip="0" id="s1" name="Sample Test">Sample Test</stat>
</suite>
</statistics>
<errors>
</errors>
</robot>
